<?xml version="1.0" encoding="UTF-8"?>
<!-- Generated by org.testng.reporters.JUnitXMLReporter -->
<testsuite ignored="0" hostname="LAPTOP-OUQU79M3" failures="0" tests="6" name="Test" time="63.424" errors="0" timestamp="2022-11-14T10:12:47 IST">
  <testcase classname="com.qa.testscripts.SwagLogin_01" name="login" time="4.624"/>
  <testcase classname="com.qa.testscripts.SwagLogin_01" name="login" time="4.563"/>
  <testcase classname="com.qa.testscripts.SwagLoginCart_01" name="cart" time="10.074"/>
  <testcase classname="com.qa.testscripts.SwagLogin_01" name="login" time="4.566"/>
  <testcase classname="com.qa.testscripts.SwagLoginCart_01" name="cart" time="10.105"/>
  <testcase classname="com.qa.testscripts.SwagLogout_02" name="logout" time="2.103"/>
</testsuite> <!-- Test -->
