<?xml version="1.0" encoding="UTF-8"?>
<testng-results ignored="0" total="6" passed="6" failed="0" skipped="0">
  <reporter-output>
  </reporter-output>
  <suite started-at="2022-11-14T10:11:43 IST" name="Suite" finished-at="2022-11-14T10:12:47 IST" duration-ms="63424">
    <groups>
    </groups>
    <test started-at="2022-11-14T10:11:43 IST" name="Test" finished-at="2022-11-14T10:12:47 IST" duration-ms="63424">
      <class name="com.qa.testscripts.SwagLogout_02">
        <test-method is-config="true" signature="setUp(java.lang.String)[pri:0, instance:com.qa.testscripts.SwagLogout_02@71ba6d4e]" started-at="2022-11-14T10:12:22 IST" name="setUp" finished-at="2022-11-14T10:12:30 IST" duration-ms="8046" status="PASS">
          <params>
            <param index="0">
              <value>
                <![CDATA[Chrome]]>
              </value>
            </param>
          </params>
          <reporter-output>
          </reporter-output>
        </test-method> <!-- setUp -->
        <test-method signature="login()[pri:0, instance:com.qa.testscripts.SwagLogout_02@71ba6d4e]" started-at="2022-11-14T10:12:30 IST" name="login" finished-at="2022-11-14T10:12:34 IST" duration-ms="4566" status="PASS">
          <reporter-output>
          </reporter-output>
        </test-method> <!-- login -->
        <test-method signature="cart()[pri:1, instance:com.qa.testscripts.SwagLogout_02@71ba6d4e]" started-at="2022-11-14T10:12:34 IST" name="cart" finished-at="2022-11-14T10:12:44 IST" duration-ms="10105" status="PASS">
          <reporter-output>
          </reporter-output>
        </test-method> <!-- cart -->
        <test-method signature="logout()[pri:2, instance:com.qa.testscripts.SwagLogout_02@71ba6d4e]" started-at="2022-11-14T10:12:44 IST" name="logout" finished-at="2022-11-14T10:12:46 IST" duration-ms="2103" status="PASS">
          <reporter-output>
          </reporter-output>
        </test-method> <!-- logout -->
        <test-method is-config="true" signature="teardown()[pri:0, instance:com.qa.testscripts.SwagLogout_02@71ba6d4e]" started-at="2022-11-14T10:12:46 IST" name="teardown" finished-at="2022-11-14T10:12:47 IST" duration-ms="90" status="PASS">
          <reporter-output>
          </reporter-output>
        </test-method> <!-- teardown -->
      </class> <!-- com.qa.testscripts.SwagLogout_02 -->
      <class name="com.qa.testscripts.SwagLoginCart_01">
        <test-method is-config="true" signature="setUp(java.lang.String)[pri:0, instance:com.qa.testscripts.SwagLoginCart_01@55a147cc]" started-at="2022-11-14T10:11:59 IST" name="setUp" finished-at="2022-11-14T10:12:07 IST" duration-ms="7886" status="PASS">
          <params>
            <param index="0">
              <value>
                <![CDATA[Chrome]]>
              </value>
            </param>
          </params>
          <reporter-output>
          </reporter-output>
        </test-method> <!-- setUp -->
        <test-method signature="login()[pri:0, instance:com.qa.testscripts.SwagLoginCart_01@55a147cc]" started-at="2022-11-14T10:12:07 IST" name="login" finished-at="2022-11-14T10:12:11 IST" duration-ms="4563" status="PASS">
          <reporter-output>
          </reporter-output>
        </test-method> <!-- login -->
        <test-method signature="cart()[pri:1, instance:com.qa.testscripts.SwagLoginCart_01@55a147cc]" started-at="2022-11-14T10:12:11 IST" name="cart" finished-at="2022-11-14T10:12:21 IST" duration-ms="10074" status="PASS">
          <reporter-output>
          </reporter-output>
        </test-method> <!-- cart -->
        <test-method is-config="true" signature="teardown()[pri:0, instance:com.qa.testscripts.SwagLoginCart_01@55a147cc]" started-at="2022-11-14T10:12:21 IST" name="teardown" finished-at="2022-11-14T10:12:22 IST" duration-ms="248" status="PASS">
          <reporter-output>
          </reporter-output>
        </test-method> <!-- teardown -->
      </class> <!-- com.qa.testscripts.SwagLoginCart_01 -->
      <class name="com.qa.testscripts.SwagLogin_01">
        <test-method is-config="true" signature="setUp(java.lang.String)[pri:0, instance:com.qa.testscripts.SwagLogin_01@6574a52c]" started-at="2022-11-14T10:11:43 IST" name="setUp" finished-at="2022-11-14T10:11:54 IST" duration-ms="10438" status="PASS">
          <params>
            <param index="0">
              <value>
                <![CDATA[Chrome]]>
              </value>
            </param>
          </params>
          <reporter-output>
          </reporter-output>
        </test-method> <!-- setUp -->
        <test-method signature="login()[pri:0, instance:com.qa.testscripts.SwagLogin_01@6574a52c]" started-at="2022-11-14T10:11:54 IST" name="login" finished-at="2022-11-14T10:11:58 IST" duration-ms="4624" status="PASS">
          <reporter-output>
          </reporter-output>
        </test-method> <!-- login -->
        <test-method is-config="true" signature="teardown()[pri:0, instance:com.qa.testscripts.SwagLogin_01@6574a52c]" started-at="2022-11-14T10:11:58 IST" name="teardown" finished-at="2022-11-14T10:11:59 IST" duration-ms="322" status="PASS">
          <reporter-output>
          </reporter-output>
        </test-method> <!-- teardown -->
      </class> <!-- com.qa.testscripts.SwagLogin_01 -->
    </test> <!-- Test -->
  </suite> <!-- Suite -->
</testng-results>
